<?xml version="1.0" encoding="UTF-8"?>
<!-- Generated by org.testng.reporters.JUnitXMLReporter -->
<testsuite hostname="DESKTOP-PGDBN7P" ignored="0" name="Test" tests="6" failures="1" timestamp="04 Feb 2019 22:02:16 GMT" time="0.649" errors="0">
  <testcase name="test1" time="0.139" classname="listeners.TestNGListenerDemo"/>
  <testcase name="test2" time="0.02" classname="listeners.TestNGListenerDemo">
    <failure type="junit.framework.AssertionFailedError">
      <![CDATA[junit.framework.AssertionFailedError
at junit.framework.Assert.fail(Assert.java:55)
at junit.framework.Assert.assertTrue(Assert.java:22)
at junit.framework.Assert.assertTrue(Assert.java:31)
at listeners.TestNGListenerDemo.test2(TestNGListenerDemo.java:22)
... Removed 25 stack frames]]>
    </failure>
  </testcase> <!-- test2 -->
  <testcase name="test3" time="0.014" classname="listeners.TestNGListenerDemo">
    <skipped/>
  </testcase> <!-- test3 -->
  <testcase name="test4" time="0.004" classname="listeners.TestNGListenerDemo2"/>
  <testcase name="test5" time="0.014" classname="listeners.TestNGListenerDemo2"/>
  <testcase name="test6" time="0.01" classname="listeners.TestNGListenerDemo2">
    <skipped/>
  </testcase> <!-- test6 -->
</testsuite> <!-- Test -->
